<?xml version="1.0" encoding="UTF-8"?>
<!-- Generated by org.testng.reporters.JUnitReportReporter -->
<testsuite skipped="0" hostname="karusala" name="com.company.saf.test.NavigateToTopsPage" tests="1" failures="0" timestamp="01 Sep 2019 14:47:21 GMT" time="4.320" errors="0">
  <testcase name="clickWomensLink" time="4.320" classname="com.company.saf.test.NavigateToTopsPage"/>
</testsuite> <!-- com.company.saf.test.NavigateToTopsPage -->
