<?xml version="1.0" encoding="UTF-8"?>
<!-- Generated by org.testng.reporters.JUnitReportReporter -->
<testsuite skipped="0" hostname="karusala" name="com.company.saf.test.LoginTestCase" tests="1" failures="0" timestamp="26 Aug 2019 16:47:52 GMT" time="14.068" errors="0">
  <testcase name="testLogin" time="14.068" classname="com.company.saf.test.LoginTestCase"/>
</testsuite> <!-- com.company.saf.test.LoginTestCase -->
