<?xml version="1.0" encoding="UTF-8"?>
<!-- Generated by org.testng.reporters.JUnitReportReporter -->
<testsuite skipped="0" hostname="karusala" name="com.company.saf.test.NavigateToTopsPageCopy" tests="2" failures="0" timestamp="31 Aug 2019 10:43:14 GMT" time="16.793" errors="0">
  <testcase name="clickWomensLink" time="12.534" classname="com.company.saf.test.NavigateToTopsPageCopy"/>
  <testcase name="clickTopsLink" time="4.259" classname="com.company.saf.test.NavigateToTopsPageCopy"/>
</testsuite> <!-- com.company.saf.test.NavigateToTopsPageCopy -->
